<?xml version="1.0" encoding="UTF-8"?>
<!-- Generated by org.testng.reporters.JUnitXMLReporter -->
<testsuite ignored="0" hostname="DeBaSiSh-PC" failures="0" tests="3" name="Submit Order Test" time="41.058" errors="0" timestamp="2024-10-11T11:59:08 IST">
  <testcase classname="rsa.Tests.SubmitOrderTest" name="submitOrder" time="7.293"/>
  <testcase classname="rsa.Tests.SubmitOrderTest" name="submitOrder" time="16.784"/>
  <testcase classname="rsa.Tests.SubmitOrderTest" name="OrderHistoryTest" time="1.621"/>
</testsuite> <!-- Submit Order Test -->
