<?xml version="1.0" encoding="UTF-8"?>
<testng-results ignored="0" total="0" passed="0" failed="0" skipped="0">
  <reporter-output>
  </reporter-output>
  <suite started-at="2024-10-23T00:25:07 IST" name="Suite" finished-at="2024-10-23T00:25:07 IST" duration-ms="0">
    <groups>
      <group name="ErrorHandling">
        <method signature="ErrorValidationsTest.loginErrorValiadtion()[pri:0, instance:rsa.Tests.ErrorValidationsTest@50029372]" name="loginErrorValiadtion" class="rsa.Tests.ErrorValidationsTest"/>
      </group> <!-- ErrorHandling -->
      <group name="Purchase">
        <method signature="SubmitOrderTest.submitOrder(java.util.HashMap)[pri:0, instance:rsa.Tests.SubmitOrderTest@60f00693]" name="submitOrder" class="rsa.Tests.SubmitOrderTest"/>
      </group> <!-- Purchase -->
    </groups>
  </suite> <!-- Suite -->
</testng-results>
