<?xml version="1.0" encoding="UTF-8"?>
<testng-results ignored="0" total="2" passed="2" failed="0" skipped="0">
  <reporter-output>
  </reporter-output>
  <suite started-at="2024-10-21T14:41:32 IST" name="Default suite" finished-at="2024-10-21T14:42:01 IST" duration-ms="29763">
    <groups>
      <group name="ErrorHandling">
        <method signature="ErrorValidationsTest.loginErrorValiadtion()[pri:0, instance:rsa.Tests.ErrorValidationsTest@35dab4eb]" name="loginErrorValiadtion" class="rsa.Tests.ErrorValidationsTest"/>
      </group> <!-- ErrorHandling -->
    </groups>
    <test started-at="2024-10-21T14:41:32 IST" name="Default test" finished-at="2024-10-21T14:42:01 IST" duration-ms="29763">
      <class name="rsa.Tests.ErrorValidationsTest">
        <test-method is-config="true" signature="launchApplication()[pri:0, instance:rsa.Tests.ErrorValidationsTest@35dab4eb]" started-at="2024-10-21T14:41:32 IST" name="launchApplication" finished-at="2024-10-21T14:41:40 IST" duration-ms="7873" status="PASS">
          <reporter-output>
          </reporter-output>
        </test-method> <!-- launchApplication -->
        <test-method signature="ProductErrorValiadtion()[pri:0, instance:rsa.Tests.ErrorValidationsTest@35dab4eb]" started-at="2024-10-21T14:41:40 IST" name="ProductErrorValiadtion" finished-at="2024-10-21T14:41:55 IST" duration-ms="15778" status="PASS">
          <reporter-output>
          </reporter-output>
        </test-method> <!-- ProductErrorValiadtion -->
        <test-method is-config="true" signature="tearDown()[pri:0, instance:rsa.Tests.ErrorValidationsTest@35dab4eb]" started-at="2024-10-21T14:41:55 IST" name="tearDown" finished-at="2024-10-21T14:41:56 IST" duration-ms="230" status="PASS">
          <reporter-output>
          </reporter-output>
        </test-method> <!-- tearDown -->
        <test-method is-config="true" signature="launchApplication()[pri:0, instance:rsa.Tests.ErrorValidationsTest@35dab4eb]" started-at="2024-10-21T14:41:56 IST" name="launchApplication" finished-at="2024-10-21T14:42:00 IST" duration-ms="4624" status="PASS">
          <reporter-output>
          </reporter-output>
        </test-method> <!-- launchApplication -->
        <test-method signature="loginErrorValiadtion()[pri:0, instance:rsa.Tests.ErrorValidationsTest@35dab4eb]" started-at="2024-10-21T14:42:00 IST" name="loginErrorValiadtion" finished-at="2024-10-21T14:42:01 IST" duration-ms="850" status="PASS">
          <reporter-output>
          </reporter-output>
        </test-method> <!-- loginErrorValiadtion -->
        <test-method is-config="true" signature="tearDown()[pri:0, instance:rsa.Tests.ErrorValidationsTest@35dab4eb]" started-at="2024-10-21T14:42:01 IST" name="tearDown" finished-at="2024-10-21T14:42:01 IST" duration-ms="230" status="PASS">
          <reporter-output>
          </reporter-output>
        </test-method> <!-- tearDown -->
      </class> <!-- rsa.Tests.ErrorValidationsTest -->
    </test> <!-- Default test -->
  </suite> <!-- Default suite -->
</testng-results>
